[    0.000000] Linux version 4.15.0-123-generic (buildd@lcy01-amd64-017) (gcc version 7.5.0 (Ubuntu 7.5.0-3ubuntu1~18.04)) #126-Ubuntu SMP Wed Oct 21 09:40:11 UTC 2020 (Ubuntu 4.15.0-123.126-generic 4.15.18)
[    0.000000] Command line: BOOT_IMAGE=/boot/vmlinuz-4.15.0-123-generic root=UUID=14169865-3153-4713-8df9-211727602ff8 ro console=tty1 console=ttyS0
[    0.000000] KERNEL supported cpus:
[    0.000000]   Intel GenuineIntel
[    0.000000]   AMD AuthenticAMD
[    0.000000]   Centaur CentaurHauls
[    0.000000] x86/fpu: Supporting XSAVE feature 0x001: 'x87 floating point registers'
[    0.000000] x86/fpu: Supporting XSAVE feature 0x002: 'SSE registers'
[    0.000000] x86/fpu: Supporting XSAVE feature 0x004: 'AVX registers'
[    0.000000] x86/fpu: xstate_offset[2]:  576, xstate_sizes[2]:  256
[    0.000000] x86/fpu: Enabled xstate features 0x7, context size is 832 bytes, using 'standard' format.
[    0.000000] e820: BIOS-provided physical RAM map:
[    0.000000] BIOS-e820: [mem 0x0000000000000000-0x000000000009fbff] usable
[    0.000000] BIOS-e820: [mem 0x000000000009fc00-0x000000000009ffff] reserved
[    0.000000] BIOS-e820: [mem 0x00000000000f0000-0x00000000000fffff] reserved
[    0.000000] BIOS-e820: [mem 0x0000000000100000-0x000000001ffeffff] usable
[    0.000000] BIOS-e820: [mem 0x000000001fff0000-0x000000001fffffff] ACPI data
[    0.000000] BIOS-e820: [mem 0x00000000fec00000-0x00000000fec00fff] reserved
[    0.000000] BIOS-e820: [mem 0x00000000fee00000-0x00000000fee00fff] reserved
[    0.000000] BIOS-e820: [mem 0x00000000fffc0000-0x00000000ffffffff] reserved
[    0.000000] NX (Execute Disable) protection: active
[    0.000000] SMBIOS 2.5 present.
[    0.000000] DMI: innotek GmbH VirtualBox/VirtualBox, BIOS VirtualBox 12/01/2006
[    0.000000] Hypervisor detected: KVM
[    0.000000] e820: last_pfn = 0x1fff0 max_arch_pfn = 0x400000000
[    0.000000] MTRR: Disabled
[    0.000000] x86/PAT: MTRRs disabled, skipping PAT initialization too.
[    0.000000] CPU MTRRs all blank - virtualized system.
[    0.000000] x86/PAT: Configuration [0-7]: WB  WT  UC- UC  WB  WT  UC- UC  
[    0.000000] found SMP MP-table at [mem 0x0009fff0-0x0009ffff]
[    0.000000] Scanning 1 areas for low memory corruption
[    0.000000] RAMDISK: [mem 0x1db88000-0x1eed1fff]
[    0.000000] ACPI: Early table checksum verification disabled
[    0.000000] ACPI: RSDP 0x00000000000E0000 000024 (v02 VBOX  )
[    0.000000] ACPI: XSDT 0x000000001FFF0030 00003C (v01 VBOX   VBOXXSDT 00000001 ASL  00000061)
[    0.000000] ACPI: FACP 0x000000001FFF00F0 0000F4 (v04 VBOX   VBOXFACP 00000001 ASL  00000061)
[    0.000000] ACPI: DSDT 0x000000001FFF0470 0022EA (v02 VBOX   VBOXBIOS 00000002 INTL 20100528)
[    0.000000] ACPI: FACS 0x000000001FFF0200 000040
[    0.000000] ACPI: FACS 0x000000001FFF0200 000040
[    0.000000] ACPI: APIC 0x000000001FFF0240 000054 (v02 VBOX   VBOXAPIC 00000001 ASL  00000061)
[    0.000000] ACPI: SSDT 0x000000001FFF02A0 0001CC (v01 VBOX   VBOXCPUT 00000002 INTL 20100528)
[    0.000000] No NUMA configuration found
[    0.000000] Faking a node at [mem 0x0000000000000000-0x000000001ffeffff]
[    0.000000] NODE_DATA(0) allocated [mem 0x1ffc5000-0x1ffeffff]
[    0.000000] kvm-clock: cpu 0, msr 0:1ff44001, primary cpu clock
[    0.000000] kvm-clock: Using msrs 4b564d01 and 4b564d00
[    0.000000] kvm-clock: using sched offset of 9914992801 cycles
[    0.000000] clocksource: kvm-clock: mask: 0xffffffffffffffff max_cycles: 0x1cd42e4dffb, max_idle_ns: 881590591483 ns
[    0.000000] Zone ranges:
[    0.000000]   DMA      [mem 0x0000000000001000-0x0000000000ffffff]
[    0.000000]   DMA32    [mem 0x0000000001000000-0x000000001ffeffff]
[    0.000000]   Normal   empty
[    0.000000]   Device   empty
[    0.000000] Movable zone start for each node
[    0.000000] Early memory node ranges
[    0.000000]   node   0: [mem 0x0000000000001000-0x000000000009efff]
[    0.000000]   node   0: [mem 0x0000000000100000-0x000000001ffeffff]
[    0.000000] Reserved but unavailable: 98 pages
[    0.000000] Initmem setup node 0 [mem 0x0000000000001000-0x000000001ffeffff]
[    0.000000] ACPI: PM-Timer IO Port: 0x4008
[    0.000000] IOAPIC[0]: apic_id 1, version 32, address 0xfec00000, GSI 0-23
[    0.000000] ACPI: INT_SRC_OVR (bus 0 bus_irq 0 global_irq 2 dfl dfl)
[    0.000000] ACPI: INT_SRC_OVR (bus 0 bus_irq 9 global_irq 9 low level)
[    0.000000] Using ACPI (MADT) for SMP configuration information
[    0.000000] smpboot: Allowing 1 CPUs, 0 hotplug CPUs
[    0.000000] PM: Registered nosave memory: [mem 0x00000000-0x00000fff]
[    0.000000] PM: Registered nosave memory: [mem 0x0009f000-0x0009ffff]
[    0.000000] PM: Registered nosave memory: [mem 0x000a0000-0x000effff]
[    0.000000] PM: Registered nosave memory: [mem 0x000f0000-0x000fffff]
[    0.000000] e820: [mem 0x20000000-0xfebfffff] available for PCI devices
[    0.000000] Booting paravirtualized kernel on KVM
[    0.000000] clocksource: refined-jiffies: mask: 0xffffffff max_cycles: 0xffffffff, max_idle_ns: 7645519600211568 ns
[    0.000000] random: get_random_bytes called from start_kernel+0x99/0x500 with crng_init=0
[    0.000000] setup_percpu: NR_CPUS:8192 nr_cpumask_bits:1 nr_cpu_ids:1 nr_node_ids:1
[    0.000000] percpu: Embedded 45 pages/cpu s147456 r8192 d28672 u2097152
[    0.000000] PV qspinlock hash table entries: 256 (order: 0, 4096 bytes)
[    0.000000] Built 1 zonelists, mobility grouping on.  Total pages: 128889
[    0.000000] Policy zone: DMA32
[    0.000000] Kernel command line: BOOT_IMAGE=/boot/vmlinuz-4.15.0-123-generic root=UUID=14169865-3153-4713-8df9-211727602ff8 ro console=tty1 console=ttyS0
[    0.000000] Memory: 466580K/523832K available (12300K kernel code, 2482K rwdata, 4272K rodata, 2436K init, 2724K bss, 57252K reserved, 0K cma-reserved)
[    0.000000] SLUB: HWalign=64, Order=0-3, MinObjects=0, CPUs=1, Nodes=1
[    0.000000] Kernel/User page tables isolation: enabled
[    0.000000] ftrace: allocating 39402 entries in 154 pages
[    0.004000] Hierarchical RCU implementation.
[    0.004000] 	RCU restricting CPUs from NR_CPUS=8192 to nr_cpu_ids=1.
[    0.004000] 	Tasks RCU enabled.
[    0.004000] RCU: Adjusting geometry for rcu_fanout_leaf=16, nr_cpu_ids=1
[    0.004000] NR_IRQS: 524544, nr_irqs: 256, preallocated irqs: 16
[    0.004000] Console: colour VGA+ 80x25
[    0.004000] console [tty1] enabled
[    0.004000] console [ttyS0] enabled
[    0.004000] ACPI: Core revision 20170831
[    0.004000] ACPI: 2 ACPI AML tables successfully acquired and loaded
[    0.004000] APIC: Switch to symmetric I/O mode setup
[    0.004000] x2apic enabled
[    0.004011] Switched APIC routing to physical x2apic.
[    0.008000] ..TIMER: vector=0x30 apic1=0 pin1=2 apic2=-1 pin2=-1
[    0.008007] tsc: Detected 1995.384 MHz processor
[    0.012015] Calibrating delay loop (skipped) preset value.. 3990.76 BogoMIPS (lpj=7981536)
[    0.016005] pid_max: default: 32768 minimum: 301
[    0.018251] Security Framework initialized
[    0.020005] Yama: becoming mindful.
[    0.021764] AppArmor: AppArmor initialized
[    0.024393] Dentry cache hash table entries: 65536 (order: 7, 524288 bytes)
[    0.028092] Inode-cache hash table entries: 32768 (order: 6, 262144 bytes)
[    0.032033] Mount-cache hash table entries: 1024 (order: 1, 8192 bytes)
[    0.035433] Mountpoint-cache hash table entries: 1024 (order: 1, 8192 bytes)
[    0.040567] process: using mwait in idle threads
[    0.042733] Last level iTLB entries: 4KB 64, 2MB 8, 4MB 8
[    0.044005] Last level dTLB entries: 4KB 64, 2MB 0, 4MB 0, 1GB 4
[    0.046733] Spectre V1 : Mitigation: usercopy/swapgs barriers and __user pointer sanitization
[    0.048007] Spectre V2 : Mitigation: Full generic retpoline
[    0.052007] Spectre V2 : Spectre v2 / SpectreRSB mitigation: Filling RSB on context switch
[    0.056007] Speculative Store Bypass: Vulnerable
[    0.058446] SRBDS: Unknown: Dependent on hypervisor status
[    0.064005] MDS: Mitigation: Clear CPU buffers
[    0.087440] Freeing SMP alternatives memory: 36K
[    0.202287] smpboot: CPU0: Intel(R) Core(TM) i3-5005U CPU @ 2.00GHz (family: 0x6, model: 0x3d, stepping: 0x4)
[    0.204190] Performance Events: unsupported p6 CPU model 61 no PMU driver, software events only.
[    0.208144] Hierarchical SRCU implementation.
[    0.213291] NMI watchdog: Perf event create on CPU 0 failed with -2
[    0.216010] NMI watchdog: Perf NMI watchdog permanently disabled
[    0.220133] smp: Bringing up secondary CPUs ...
[    0.224014] smp: Brought up 1 node, 1 CPU
[    0.228010] smpboot: Max logical packages: 1
[    0.230566] smpboot: Total of 1 processors activated (3990.76 BogoMIPS)
[    0.232288] devtmpfs: initialized
[    0.236216] x86/mm: Memory block size: 128MB
[    0.240975] evm: security.selinux
[    0.244016] evm: security.SMACK64
[    0.248010] evm: security.SMACK64EXEC
[    0.250654] evm: security.SMACK64TRANSMUTE
[    0.252007] evm: security.SMACK64MMAP
[    0.254550] evm: security.apparmor
[    0.256009] evm: security.ima
[    0.260007] evm: security.capability
[    0.264481] clocksource: jiffies: mask: 0xffffffff max_cycles: 0xffffffff, max_idle_ns: 7645041785100000 ns
[    0.268040] futex hash table entries: 256 (order: 2, 16384 bytes)
[    0.272105] pinctrl core: initialized pinctrl subsystem
[    0.276309] RTC time: 11:43:38, date: 11/30/20
[    0.280325] NET: Registered protocol family 16
[    0.284462] audit: initializing netlink subsys (disabled)
[    0.288439] cpuidle: using governor ladder
[    0.290383] cpuidle: using governor menu
[    0.292016] audit: type=2000 audit(1606736630.307:1): state=initialized audit_enabled=0 res=1
[    0.296302] ACPI: bus type PCI registered
[    0.300011] acpiphp: ACPI Hot Plug PCI Controller Driver version: 0.5
[    0.304363] PCI: Using configuration type 1 for base access
[    0.314540] HugeTLB registered 2.00 MiB page size, pre-allocated 0 pages
[    0.316502] ACPI: Added _OSI(Module Device)
[    0.320013] ACPI: Added _OSI(Processor Device)
[    0.322165] ACPI: Added _OSI(3.0 _SCP Extensions)
[    0.324005] ACPI: Added _OSI(Processor Aggregator Device)
[    0.328044] ACPI: Added _OSI(Linux-Dell-Video)
[    0.330473] ACPI: Added _OSI(Linux-Lenovo-NV-HDMI-Audio)
[    0.332007] ACPI: Added _OSI(Linux-HPI-Hybrid-Graphics)
[    0.336295] ACPI: Executed 1 blocks of module-level executable AML code
[    0.361750] ACPI: Interpreter enabled
[    0.363588] ACPI: (supports S0 S5)
[    0.364006] ACPI: Using IOAPIC for interrupt routing
[    0.368858] PCI: Using host bridge windows from ACPI; if necessary, use "pci=nocrs" and report a bug
[    0.372694] ACPI: Enabled 2 GPEs in block 00 to 07
[    0.407042] ACPI: PCI Root Bridge [PCI0] (domain 0000 [bus 00-ff])
[    0.408015] acpi PNP0A03:00: _OSC: OS supports [ASPM ClockPM Segments MSI]
[    0.414898] acpi PNP0A03:00: _OSC: not requesting OS control; OS requires [ExtendedConfig ASPM ClockPM MSI]
[    0.416043] acpi PNP0A03:00: fail to add MMCONFIG information, can't access extended PCI configuration space under this bridge.
[    0.421234] PCI host bridge to bus 0000:00
[    0.424009] pci_bus 0000:00: root bus resource [io  0x0000-0x0cf7 window]
[    0.427379] pci_bus 0000:00: root bus resource [io  0x0d00-0xffff window]
[    0.428017] pci_bus 0000:00: root bus resource [mem 0x000a0000-0x000bffff window]
[    0.432012] pci_bus 0000:00: root bus resource [mem 0x20000000-0xfdffffff window]
[    0.436009] pci_bus 0000:00: root bus resource [bus 00-ff]
[    0.447546] pci 0000:00:01.1: legacy IDE quirk: reg 0x10: [io  0x01f0-0x01f7]
[    0.448009] pci 0000:00:01.1: legacy IDE quirk: reg 0x14: [io  0x03f6]
[    0.452007] pci 0000:00:01.1: legacy IDE quirk: reg 0x18: [io  0x0170-0x0177]
[    0.456013] pci 0000:00:01.1: legacy IDE quirk: reg 0x1c: [io  0x0376]
[    0.486961] pci 0000:00:07.0: quirk: [io  0x4000-0x403f] claimed by PIIX4 ACPI
[    0.488035] pci 0000:00:07.0: quirk: [io  0x4100-0x410f] claimed by PIIX4 SMB
[    0.505698] ACPI: PCI Interrupt Link [LNKA] (IRQs 5 9 10 *11)
[    0.509199] ACPI: PCI Interrupt Link [LNKB] (IRQs 5 9 *10 11)
[    0.512467] ACPI: PCI Interrupt Link [LNKC] (IRQs 5 *9 10 11)
[    0.516507] ACPI: PCI Interrupt Link [LNKD] (IRQs 5 9 10 *11)
[    0.520990] SCSI subsystem initialized
[    0.523527] pci 0000:00:02.0: vgaarb: setting as boot VGA device
[    0.524000] pci 0000:00:02.0: vgaarb: VGA device added: decodes=io+mem,owns=io+mem,locks=none
[    0.524013] pci 0000:00:02.0: vgaarb: bridge control possible
[    0.528005] vgaarb: loaded
[    0.532080] ACPI: bus type USB registered
[    0.534149] usbcore: registered new interface driver usbfs
[    0.536038] usbcore: registered new interface driver hub
[    0.540049] usbcore: registered new device driver usb
[    0.542728] EDAC MC: Ver: 3.0.0
[    0.544720] PCI: Using ACPI for IRQ routing
[    0.548717] NetLabel: Initializing
[    0.550416] NetLabel:  domain hash size = 128
[    0.552069] NetLabel:  protocols = UNLABELED CIPSOv4 CALIPSO
[    0.556050] NetLabel:  unlabeled traffic allowed by default
[    0.559001] clocksource: Switched to clocksource kvm-clock
[    0.680178] VFS: Disk quotas dquot_6.6.0
[    0.682289] VFS: Dquot-cache hash table entries: 512 (order 0, 4096 bytes)
[    0.685940] AppArmor: AppArmor Filesystem Enabled
[    0.688273] pnp: PnP ACPI init
[    0.694587] pnp: PnP ACPI: found 3 devices
[    0.705191] clocksource: acpi_pm: mask: 0xffffff max_cycles: 0xffffff, max_idle_ns: 2085701024 ns
[    0.710363] NET: Registered protocol family 2
[    0.713014] TCP established hash table entries: 4096 (order: 3, 32768 bytes)
[    0.716534] TCP bind hash table entries: 4096 (order: 4, 65536 bytes)
[    0.720042] TCP: Hash tables configured (established 4096 bind 4096)
[    0.723354] UDP hash table entries: 256 (order: 1, 8192 bytes)
[    0.726189] UDP-Lite hash table entries: 256 (order: 1, 8192 bytes)
[    0.729287] NET: Registered protocol family 1
[    0.731461] pci 0000:00:00.0: Limiting direct PCI/PCI transfers
[    0.734441] pci 0000:00:01.0: Activating ISA DMA hang workarounds
[    0.737507] pci 0000:00:02.0: Video device with shadowed ROM at [mem 0x000c0000-0x000dffff]
[    0.741887] Unpacking initramfs...
[    2.254442] Freeing initrd memory: 19752K
[    2.256967] clocksource: tsc: mask: 0xffffffffffffffff max_cycles: 0x39864b9bc2c, max_idle_ns: 881590731149 ns
[    2.263899] platform rtc_cmos: registered platform RTC device (no PNP device found)
[    2.269076] Scanning for low memory corruption every 60 seconds
[    2.273520] Initialise system trusted keyrings
[    2.276964] Key type blacklist registered
[    2.279497] workingset: timestamp_bits=36 max_order=17 bucket_order=0
[    2.288507] zbud: loaded
[    2.293464] squashfs: version 4.0 (2009/01/31) Phillip Lougher
[    2.297901] fuse init (API version 7.26)
[    2.306376] Key type asymmetric registered
[    2.309486] Asymmetric key parser 'x509' registered
[    2.312818] Block layer SCSI generic (bsg) driver version 0.4 loaded (major 246)
[    2.317458] io scheduler noop registered
[    2.319940] io scheduler deadline registered
[    2.322687] io scheduler cfq registered (default)
[    2.326349] ACPI: AC Adapter [AC] (on-line)
[    2.329268] input: Power Button as /devices/LNXSYSTM:00/LNXPWRBN:00/input/input0
[    2.334564] ACPI: Power Button [PWRF]
[    2.337371] input: Sleep Button as /devices/LNXSYSTM:00/LNXSLPBN:00/input/input1
[    2.341589] ACPI: Sleep Button [SLPF]
[    2.347970] ACPI: Battery Slot [BAT0] (battery present)
[    2.351712] Serial: 8250/16550 driver, 32 ports, IRQ sharing enabled
[    2.377535] 00:02: ttyS0 at I/O 0x3f8 (irq = 4, base_baud = 115200) is a 16550A
[    2.387184] Linux agpgart interface v0.103
[    2.393193] loop: module loaded
[    2.396948] scsi host0: ata_piix
[    2.398732] scsi host1: ata_piix
[    2.400056] ata1: PATA max UDMA/33 cmd 0x1f0 ctl 0x3f6 bmdma 0xd000 irq 14
[    2.403612] ata2: PATA max UDMA/33 cmd 0x170 ctl 0x376 bmdma 0xd008 irq 15
[    2.408028] libphy: Fixed MDIO Bus: probed
[    2.410040] tun: Universal TUN/TAP device driver, 1.6
[    2.412909] PPP generic driver version 2.4.2
[    2.415066] ehci_hcd: USB 2.0 'Enhanced' Host Controller (EHCI) Driver
[    2.418164] ehci-pci: EHCI PCI platform driver
[    2.420343] ehci-platform: EHCI generic platform driver
[    2.422905] ohci_hcd: USB 1.1 'Open' Host Controller (OHCI) Driver
[    2.425721] ohci-pci: OHCI PCI platform driver
[    2.428217] ohci-platform: OHCI generic platform driver
[    2.431015] uhci_hcd: USB Universal Host Controller Interface driver
[    2.434079] i8042: PNP: PS/2 Controller [PNP0303:PS2K,PNP0f03:PS2M] at 0x60,0x64 irq 1,12
[    2.439011] serio: i8042 KBD port at 0x60,0x64 irq 1
[    2.441550] serio: i8042 AUX port at 0x60,0x64 irq 12
[    2.444099] mousedev: PS/2 mouse device common for all mice
[    2.447471] input: AT Translated Set 2 keyboard as /devices/platform/i8042/serio0/input/input2
[    2.452462] rtc_cmos rtc_cmos: rtc core: registered rtc_cmos as rtc0
[    2.455561] rtc_cmos rtc_cmos: alarms up to one day, 114 bytes nvram
[    2.458975] i2c /dev entries driver
[    2.460920] device-mapper: uevent: version 1.0.3
[    2.463305] device-mapper: ioctl: 4.37.0-ioctl (2017-09-20) initialised: dm-devel@redhat.com
[    2.467440] ledtrig-cpu: registered to indicate activity on CPUs
[    2.471782] NET: Registered protocol family 10
[    2.484984] Segment Routing with IPv6
[    2.487293] NET: Registered protocol family 17
[    2.490462] Key type dns_resolver registered
[    2.493802] mce: Using 0 MCE banks
[    2.496161] RAS: Correctable Errors collector initialized.
[    2.499834] sched_clock: Marking stable (2499792538, 0)->(3049646844, -549854306)
[    2.505157] registered taskstats version 1
[    2.507848] Loading compiled-in X.509 certificates
[    2.518003] Loaded X.509 cert 'Build time autogenerated kernel key: 423d6fc95fe30468112015aeb92af84ef3acf368'
[    2.524569] zswap: loaded using pool lzo/zbud
[    2.539059] Key type big_key registered
[    2.543118] Key type trusted registered
[    2.550195] Key type encrypted registered
[    2.553408] AppArmor: AppArmor sha1 policy hashing enabled
[    2.557372] ima: No TPM chip found, activating TPM-bypass! (rc=-19)
[    2.561251] ima: Allocated hash algorithm: sha1
[    2.564693] evm: HMAC attrs: 0x1
[    2.567626]   Magic number: 12:137:733
[    2.570544] rtc_cmos rtc_cmos: setting system clock to 2020-11-30 11:43:41 UTC (1606736621)
[    2.575875] BIOS EDD facility v0.16 2004-Jun-25, 0 devices found
[    2.579553] EDD information not available.
[    2.600492] Freeing unused kernel image memory: 2436K
[    2.608067] Write protecting the kernel read-only data: 20480k
[    2.612812] Freeing unused kernel image memory: 2008K
[    2.616574] Freeing unused kernel image memory: 1872K
[    2.680325] x86/mm: Checked W+X mappings: passed, no W+X pages found.
[    2.684580] x86/mm: Checking user space page tables
[    2.742343] x86/mm: Checked W+X mappings: passed, no W+X pages found.
Loading, please wait...
starting version 237
[    3.084028] Fusion MPT base driver 3.04.20
[    3.086800] Copyright (c) 1999-2008 LSI Corporation
[    3.098588] e1000: Intel(R) PRO/1000 Network Driver - version 7.3.21-k8-NAPI
[    3.102758] e1000: Copyright (c) 1999-2006 Intel Corporation.
[    3.215036] Fusion MPT SPI Host driver 3.04.20
[    3.269644] AVX2 version of gcm_enc/dec engaged.
[    3.272626] AES CTR mode by8 optimization enabled
[    3.318427] input: ImExPS/2 Generic Explorer Mouse as /devices/platform/i8042/serio1/input/input4
[    3.875070] e1000 0000:00:03.0 eth0: (PCI:33MHz:32-bit) 02:7d:29:b6:4b:3c
[    3.879437] e1000 0000:00:03.0 eth0: Intel(R) PRO/1000 Network Connection
[    3.890286] e1000 0000:00:03.0 enp0s3: renamed from eth0
[    3.897972] mptbase: ioc0: Initiating bringup
[    3.996695] ioc0: LSI53C1030 A0: Capabilities={Initiator}
[    4.256062] scsi host2: ioc0: LSI53C1030 A0, FwRev=00000000h, Ports=1, MaxQ=256, IRQ=20
[    4.429044] scsi 2:0:0:0: Direct-Access     VBOX     HARDDISK         1.0  PQ: 0 ANSI: 5
[    4.433627] scsi target2:0:0: Beginning Domain Validation
[    4.437285] random: fast init done
[    4.441055] scsi target2:0:0: Domain Validation skipping write tests
[    4.444005] scsi target2:0:0: Ending Domain Validation
[    4.446501] scsi target2:0:0: asynchronous
[    4.450039] scsi 2:0:1:0: Direct-Access     VBOX     HARDDISK         1.0  PQ: 0 ANSI: 5
[    4.454132] scsi target2:0:1: Beginning Domain Validation
[    4.458832] scsi target2:0:1: Domain Validation skipping write tests
[    4.461828] scsi target2:0:1: Ending Domain Validation
[    4.464557] scsi target2:0:1: asynchronous
[    4.475847] random: systemd-udevd: uninitialized urandom read (16 bytes read)
[    4.480314] sd 2:0:0:0: Attached scsi generic sg0 type 0
[    4.483068] sd 2:0:0:0: [sda] 20971520 512-byte logical blocks: (10.7 GB/10.0 GiB)
[    4.487174] random: systemd-udevd: uninitialized urandom read (16 bytes read)
[    4.490815] sd 2:0:0:0: [sda] Write Protect is off
[    4.493985] sd 2:0:1:0: Attached scsi generic sg1 type 0
[    4.496854] sd 2:0:1:0: [sdb] 20480 512-byte logical blocks: (10.5 MB/10.0 MiB)
[    4.500608] random: systemd-udevd: uninitialized urandom read (16 bytes read)
[    4.504143] sd 2:0:1:0: [sdb] Write Protect is off
[    4.506641] sd 2:0:0:0: [sda] Incomplete mode parameter data
[    4.509692] sd 2:0:0:0: [sda] Assuming drive cache: write through
[    4.514335] sd 2:0:1:0: [sdb] Incomplete mode parameter data
[    4.517122] sd 2:0:1:0: [sdb] Assuming drive cache: write through
[    4.535933]  sda: sda1
[    4.538885] sd 2:0:0:0: [sda] Attached SCSI disk
[    4.553420] sd 2:0:1:0: [sdb] Attached SCSI disk
Begin: Loading essential drivers ... [    7.144266] raid6: sse2x1   gen()  1647 MB/s
[    7.192092] raid6: sse2x1   xor()  1063 MB/s
[    7.240075] raid6: sse2x2   gen()  3020 MB/s
[    7.288033] raid6: sse2x2   xor()  1551 MB/s
[    7.336065] raid6: sse2x4   gen()  3819 MB/s
[    7.384296] raid6: sse2x4   xor()  2317 MB/s
[    7.432252] raid6: avx2x1   gen()  3299 MB/s
[    7.480098] raid6: avx2x1   xor()  1785 MB/s
[    7.528530] raid6: avx2x2   gen()  6368 MB/s
[    7.576019] raid6: avx2x2   xor()  3358 MB/s
[    7.624101] raid6: avx2x4   gen()  8487 MB/s
[    7.672498] raid6: avx2x4   xor()  4344 MB/s
[    7.674946] raid6: using algorithm avx2x4 gen() 8487 MB/s
[    7.677901] raid6: .... xor() 4344 MB/s, rmw enabled
[    7.680458] raid6: using avx2x2 recovery algorithm
[    7.687213] xor: automatically using best checksumming function   avx       
[    7.695767] async_tx: api initialized (async)
done.
Begin: Running /scripts/init-premount ... done.
Begin: Mounting root file system ... Begin: Running /scripts/local-top ... done.
Begin: Running /scripts/local-premount ... [    7.868084] Btrfs loaded, crc32c=crc32c-intel
Scanning for Btrfs filesystems
done.
Warning: fsck not present, so skipping root file system
[    8.005957] EXT4-fs (sda1): INFO: recovery required on readonly filesystem
[    8.009296] EXT4-fs (sda1): write access will be enabled during recovery
[    8.157347] EXT4-fs (sda1): recovery complete
[    8.161700] EXT4-fs (sda1): mounted filesystem with ordered data mode. Opts: (null)
done.
Begin: Running /scripts/local-bottom ... done.
Begin: Running /scripts/init-bottom ... done.
[    9.713515] random: crng init done
[    9.715581] random: 7 urandom warning(s) missed due to ratelimiting
[    9.881201] ip_tables: (C) 2000-2006 Netfilter Core Team
[   10.118177] systemd[1]: systemd 237 running in system mode. (+PAM +AUDIT +SELINUX +IMA +APPARMOR +SMACK +SYSVINIT +UTMP +LIBCRYPTSETUP +GCRYPT +GNUTLS +ACL +XZ +LZ4 +SECCOMP +BLKID +ELFUTILS +KMOD -IDN2 +IDN -PCRE2 default-hierarchy=hybrid)
[   10.128828] systemd[1]: Detected virtualization oracle.
[   10.132420] systemd[1]: Detected architecture x86-64.

Welcome to [1mUbuntu 18.04.5 LTS[0m!

[   10.171873] systemd[1]: Set hostname to <ubuntu-bionic>.
[   13.464844] systemd[1]: Reached target System Time Synchronized.
[[0;32m  OK  [0m] Reached target System Time Synchronized.
[   13.471520] systemd[1]: Created slice User and Session Slice.
[[0;32m  OK  [0m] Created slice User and Session Slice.
[   13.477008] systemd[1]: Reached target User and Group Name Lookups.
[[0;32m  OK  [0m] Reached target User and Group Name Lookups.
[   13.481892] systemd[1]: Started Forward Password Requests to Wall Directory Watch.
[[0;32m  OK  [0m] Started Forward Password Requests to Wall Directory Watch.
[   13.487986] systemd[1]: Set up automount Arbitrary Executable File Formats File System Automount Point.
[[0;32m  OK  [0m] Set up automount Arbitrary Executab…rmats File System Automount Point.
[   13.495226] systemd[1]: Reached target Swap.
[[0;32m  OK  [0m] Reached target Swap.
[[0;32m  OK  [0m] Created slice System Slice.
[[0;32m  OK  [0m] Listening on udev Kernel Socket.
[[0;32m  OK  [0m] Listening on LVM2 poll daemon socket.
[[0;32m  OK  [0m] Listening on udev Control Socket.
[[0;32m  OK  [0m] Listening on /dev/initctl Compatibility Named Pipe.
[[0;32m  OK  [0m] Listening on Journal Socket (/dev/log).
[[0;32m  OK  [0m] Listening on Syslog Socket.
[[0;32m  OK  [0m] Created slice system-serial\x2dgetty.slice.
[[0;32m  OK  [0m] Listening on Journal Socket.
         Starting udev Coldplug all Devices...
         Mounting Kernel Debug File System...
         Starting Uncomplicated firewall...
         Mounting POSIX Message Queue File System...
         Starting Load Kernel Modules...
[[0;32m  OK  [0m] Listening on Device-mapper event daemon FIFOs.
[[0;32m  OK  [0m] Created slice system-postgresql.slice.
[[0;32m  OK  [0m] Listening on Network Service Netlink Socket.
[[0;32m  OK  [0m] Listening on LVM2 metadata daemon socket.
[[0;32m  OK  [0m] Listening on Journal Audit Socket.
         Starting Journal Service...
         Mounting Huge Pages File System...
         Starting Create list of required st…ce nodes for the current kernel...
[[0;32m  OK  [0m] Reached target Slices.
         Starting Set the console keyboard layout...
         Starting Monitoring of LVM2 mirrors…ng dmeventd or progress polling...
         Starting Remount Root and Kernel File Systems...
[[0;32m  OK  [0m] Mounted Kernel Debug File System.
[[0;32m  OK  [0m] Started Uncomplicated firewall.
[[0;32m  OK  [0m] Mounted POSIX Message Queue File System.
[[0;32m  OK  [0m] Mounted Huge Pages File System.
[[0;32m  OK  [0m] Started Create list of required sta…vice nodes for the current kernel.
         Starting Create Static Device Nodes in /dev...
[[0;32m  OK  [0m] Started udev Coldplug all Devices.
[   14.316007] EXT4-fs (sda1): re-mounted. Opts: (null)
[[0;32m  OK  [0m] Started Remount Root and Kernel File Systems.
[   14.427155] Loading iSCSI transport class v2.0-870.
         Starting Load/Save Random Seed...
[[0;32m  OK  [0m] Started Journal Service.
         Starting Flush Journal to Persistent Storage...
[[0;32m  OK  [0m] Started LVM2 metadata daemon.
[[0;32m  OK  [0m] Started Set the console keyboard layout.
[   14.894694] systemd-journald[413]: Received request to flush runtime journal from PID 1
[   14.930636] iscsi: registered transport (tcp)
[[0;32m  OK  [0m] Started Load/Save Random Seed.
[[0;32m  OK  [0m] Started Create Static Device Nodes in /dev.
         Starting udev Kernel Device Manager...
[[0;32m  OK  [0m] Started Monitoring of LVM2 mirrors,…sing dmeventd or progress polling.
[[0;32m  OK  [0m] Reached target Local File Systems (Pre).
[[0;32m  OK  [0m] Reached target Local File Systems.
         Starting ebtables ruleset management...
         Starting AppArmor initialization...
         Starting Tell Plymouth To Write Out Runtime Data...
         Starting Set console font and keymap...
[[0;32m  OK  [0m] Started Tell Plymouth To Write Out Runtime Data.
[[0;32m  OK  [0m] Started Set console font and keymap.
[   16.075504] iscsi: registered transport (iser)
[[0;32m  OK  [0m] Started Load Kernel Modules.
[   16.084210] systemd-journald[413]: File /var/log/journal/2f4f08cc64a34675b240ffb2113e623e/system.journal corrupted or uncleanly shut down, renaming and replacing.
         Mounting Kernel Configuration File System...
         Starting Apply Kernel Variables...
         Mounting FUSE Control File System...
[[0;32m  OK  [0m] Mounted Kernel Configuration File System.
[[0;32m  OK  [0m] Mounted FUSE Control File System.
[[0;32m  OK  [0m] Started udev Kernel Device Manager.
[[0;32m  OK  [0m] Started Dispatch Password Requests to Console Directory Watch.
[[0;32m  OK  [0m] Reached target Local Encrypted Volumes.
[[0;32m  OK  [0m] Started Apply Kernel Variables.
[[0;32m  OK  [0m] Started Flush Journal to Persistent Storage.
         Starting Create Volatile Files and Directories...
[[0;32m  OK  [0m] Started ebtables ruleset management.
[[0;32m  OK  [0m] Started Create Volatile Files and Directories.
         Starting Update UTMP about System Boot/Shutdown...
[[0;32m  OK  [0m] Started Update UTMP about System Boot/Shutdown.
[[0;32m  OK  [0m] Found device /dev/ttyS0.
[[0;32m  OK  [0m] Listening on Load/Save RF Kill Switch Status /dev/rfkill Watch.
[[0;32m  OK  [0m] Started AppArmor initialization.
         Starting Load AppArmor profiles managed internally by snapd...
         Starting Initial cloud-init job (pre-networking)...
[[0;32m  OK  [0m] Started Load AppArmor profiles managed internally by snapd.
[   31.316947] cloud-init[566]: Cloud-init v. 20.3-2-g371b392c-0ubuntu1~18.04.1 running 'init-local' at Mon, 30 Nov 2020 11:44:09 +0000. Up 30.33 seconds.
[[0;32m  OK  [0m] Started Initial cloud-init job (pre-networking).
[[0;32m  OK  [0m] Reached target Network (Pre).
         Starting Network Service...
[[0;32m  OK  [0m] Started Network Service.
         Starting Network Name Resolution...
         Starting Wait for Network to be Configured...
[[0;32m  OK  [0m] Started Network Name Resolution.
[[0;32m  OK  [0m] Reached target Host and Network Name Lookups.
[[0;32m  OK  [0m] Reached target Network.
[[0;32m  OK  [0m] Started Wait for Network to be Configured.
         Starting Initial cloud-init job (metadata service crawler)...
[   35.933614] cloud-init[681]: Cloud-init v. 20.3-2-g371b392c-0ubuntu1~18.04.1 running 'init' at Mon, 30 Nov 2020 11:44:14 +0000. Up 35.14 seconds.
[   35.948797] cloud-init[681]: ci-info: ++++++++++++++++++++++++++++++++++++++Net device info++++++++++++++++++++++++++++++++++++++
[   35.958867] cloud-init[681]: ci-info: +--------+------+----------------------------+---------------+--------+-------------------+
[   35.964326] cloud-init[681]: ci-info: | Device |  Up  |          Address           |      Mask     | Scope  |     Hw-Address    |
[   35.969866] cloud-init[681]: ci-info: +--------+------+----------------------------+---------------+--------+-------------------+
[   35.975286] cloud-init[681]: ci-info: | enp0s3 | True |         10.0.2.15          | 255.255.255.0 | global | 02:7d:29:b6:4b:3c |
[   35.983964] cloud-init[681]: ci-info: | enp0s3 | True | fe80::7d:29ff:feb6:4b3c/64 |       .       |  link  | 02:7d:29:b6:4b:3c |
[   35.989986] cloud-init[681]: ci-info: |   lo   | True |         127.0.0.1          |   255.0.0.0   |  host  |         .         |
[   36.004876] cloud-init[681]: ci-info: |   lo   | True |          ::1/128           |       .       |  host  |         .         |
[   36.015745] cloud-init[681]: ci-info: +--------+------+----------------------------+---------------+--------+-------------------+
[   36.021819] cloud-init[681]: ci-info: ++++++++++++++++++++++++++++Route IPv4 info+++++++++++++++++++++++++++++
[   36.027122] cloud-init[681]: ci-info: +-------+-------------+----------+-----------------+-----------+-------+
[   36.040881] cloud-init[681]: ci-info: | Route | Destination | Gateway  |     Genmask     | Interface | Flags |
[   36.061372] cloud-init[681]: ci-info: +-------+-------------+----------+-----------------+-----------+-------+
[   36.067926] cloud-init[681]: ci-info: |   0   |   0.0.0.0   | 10.0.2.2 |     0.0.0.0     |   enp0s3  |   UG  |
[   36.072371] cloud-init[681]: ci-info: |   1   |   10.0.2.0  | 0.0.0.0  |  255.255.255.0  |   enp0s3  |   U   |
[   36.077095] cloud-init[681]: ci-info: |   2   |   10.0.2.2  | 0.0.0.0  | 255.255.255.255 |   enp0s3  |   UH  |
[   36.081365] cloud-init[681]: ci-info: +-------+-------------+----------+-----------------+-----------+-------+
[   36.085955] cloud-init[681]: ci-info: +++++++++++++++++++Route IPv6 info+++++++++++++++++++
[   36.094433] cloud-init[681]: ci-info: +-------+-------------+---------+-----------+-------+
[   36.098780] cloud-init[681]: ci-info: | Route | Destination | Gateway | Interface | Flags |
[   36.102622] cloud-init[681]: ci-info: +-------+-------------+---------+-----------+-------+
[   36.106528] cloud-init[681]: ci-info: |   1   |  fe80::/64  |    ::   |   enp0s3  |   U   |
[   36.110709] cloud-init[681]: ci-info: |   3   |    local    |    ::   |   enp0s3  |   U   |
[   36.114791] cloud-init[681]: ci-info: |   4   |   ff00::/8  |    ::   |   enp0s3  |   U   |
[   36.124563] cloud-init[681]: ci-info: +-------+-------------+---------+-----------+-------+
[[0;32m  OK  [0m] Started Initial cloud-init job (metadata service crawler).
[[0;32m  OK  [0m] Reached target System Initialization.
[[0;32m  OK  [0m] Started Discard unused blocks once a week.
[[0;32m  OK  [0m] Started Daily apt download activities.
[[0;32m  OK  [0m] Listening on Open-iSCSI iscsid Socket.
[[0;32m  OK  [0m] Started ACPI Events Check.
[[0;32m  OK  [0m] Started Daily Cleanup of Temporary Directories.
[[0;32m  OK  [0m] Listening on UUID daemon activation socket.
         Starting Socket activation for snappy daemon.
[[0;32m  OK  [0m] Reached target Paths.
[[0;32m  OK  [0m] Started Daily apt upgrade and clean activities.
         Starting LXD - unix socket.
[[0;32m  OK  [0m] Listening on ACPID Listen Socket.
[[0;32m  OK  [0m] Started Message of the Day.
[[0;32m  OK  [0m] Reached target Timers.
[[0;32m  OK  [0m] Listening on D-Bus System Message Bus Socket.
[[0;32m  OK  [0m] Reached target Cloud-config availability.
[[0;32m  OK  [0m] Reached target Network is Online.
         Starting Availability of block devices...
[[0;32m  OK  [0m] Reached target Remote File Systems (Pre).
[[0;32m  OK  [0m] Reached target Remote File Systems.
[[0;32m  OK  [0m] Listening on Socket activation for snappy daemon.
[[0;32m  OK  [0m] Listening on LXD - unix socket.
[[0;32m  OK  [0m] Reached target Sockets.
[[0;32m  OK  [0m] Reached target Basic System.
[[0;32m  OK  [0m] Started FUSE filesystem for LXC.
         Starting PostgreSQL Cluster 12-main...
         Starting LSB: Record successful boot for GRUB...
         Starting System Logging Service...
[[0;32m  OK  [0m] Started D-Bus System Message Bus.
         Starting LXD - container startup/shutdown...
[[0;32m  OK  [0m] Started irqbalance daemon.
         Starting Permit User Sessions...
         Starting Resets System Activity Data Collector...
         Starting Login Service...
         Starting OpenBSD Secure Shell server...
         Starting LSB: automatic crash report generation...
         Starting Message of the Day...
[[0;32m  OK  [0m] Started Regular background program processing daemon.
[[0;32m  OK  [0m] Started Deferred execution scheduler.
         Starting Accounts Service...
         Starting Virtualbox guest utils...
         Starting Dispatcher daemon for systemd-networkd...
         Starting Snap Daemon...
[[0;32m  OK  [0m] Started System Logging Service.
[[0;32m  OK  [0m] Started Availability of block devices.
[[0;32m  OK  [0m] Started Permit User Sessions.
[[0;32m  OK  [0m] Started Resets System Activity Data Collector.
[[0;32m  OK  [0m] Started Login Service.
[[0;32m  OK  [0m] Started Unattended Upgrades Shutdown.
         Starting Terminate Plymouth Boot Screen...
         Starting Hold until boot process finishes up...
[[0;32m  OK  [0m] Started Hold until boot process finishes up.
[[0;32m  OK  [0m] Started Terminate Plymouth Boot Screen.
         Starting Set console scheme...
[[0;32m  OK  [0m] Started Serial Getty on ttyS0.
[[0;32m  OK  [0m] Started Set console scheme.
[[0;32m  OK  [0m] Created slice system-getty.slice.
[[0;32m  OK  [0m] Started Getty on tty1.
[[0;32m  OK  [0m] Reached target Login Prompts.
[[0;32m  OK  [0m] Started LSB: automatic crash report generation.
[[0;32m  OK  [0m] Started LSB: Record successful boot for GRUB.
         Starting Authorization Manager...
[[0;32m  OK  [0m] Started Virtualbox guest utils.
[[0;32m  OK  [0m] Started Authorization Manager.
[[0;32m  OK  [0m] Started Accounts Service.

Ubuntu 18.04.5 LTS ubuntu-bionic ttyS0

ubuntu-bionic login: [   59.774679] cloud-init[1278]: Cloud-init v. 20.3-2-g371b392c-0ubuntu1~18.04.1 running 'modules:config' at Mon, 30 Nov 2020 11:44:37 +0000. Up 58.65 seconds.
[   65.238609] cloud-init[1498]: Cloud-init v. 20.3-2-g371b392c-0ubuntu1~18.04.1 running 'modules:final' at Mon, 30 Nov 2020 11:44:43 +0000. Up 64.38 seconds.
[   65.256646] cloud-init[1498]: Cloud-init v. 20.3-2-g371b392c-0ubuntu1~18.04.1 finished at Mon, 30 Nov 2020 11:44:44 +0000. Datasource DataSourceNoCloud [seed=/dev/sdb][dsmode=net].  Up 65.18 seconds
